2017-10-29 22:48:52,290 - SimpleLog4JLogSystem initialized using logfile 'velocity.log'
2017-10-29 22:48:52,291 - ************************************************************** 
2017-10-29 22:48:52,291 - Starting Jakarta Velocity v1.4
2017-10-29 22:48:52,291 - RuntimeInstance initializing.
2017-10-29 22:48:52,291 - Default Properties File: org\apache\velocity\runtime\defaults\velocity.properties
2017-10-29 22:48:52,291 - Trying to use logger class org.apache.velocity.runtime.log.SimpleLog4JLogSystem
2017-10-29 22:48:52,291 - Using logger class org.apache.velocity.runtime.log.SimpleLog4JLogSystem
2017-10-29 22:48:52,293 - Default ResourceManager initializing. (class org.apache.velocity.runtime.resource.ResourceManagerImpl)
2017-10-29 22:48:52,296 - Resource Loader Instantiated: org.apache.velocity.runtime.resource.loader.ClasspathResourceLoader
2017-10-29 22:48:52,296 - ClasspathResourceLoader : initialization starting.
2017-10-29 22:48:52,296 - ClasspathResourceLoader : initialization complete.
2017-10-29 22:48:52,297 - ResourceCache : initialized. (class org.apache.velocity.runtime.resource.ResourceCacheImpl)
2017-10-29 22:48:52,297 - Default ResourceManager initialization complete.
2017-10-29 22:48:52,300 - Loaded System Directive: org.apache.velocity.runtime.directive.Literal
2017-10-29 22:48:52,301 - Loaded System Directive: org.apache.velocity.runtime.directive.Macro
2017-10-29 22:48:52,303 - Loaded System Directive: org.apache.velocity.runtime.directive.Parse
2017-10-29 22:48:52,305 - Loaded System Directive: org.apache.velocity.runtime.directive.Include
2017-10-29 22:48:52,305 - Loaded System Directive: org.apache.velocity.runtime.directive.Foreach
2017-10-29 22:48:52,326 - Created: 20 parsers.
2017-10-29 22:48:52,331 - Velocimacro : initialization starting.
2017-10-29 22:48:52,331 - Velocimacro : adding VMs from VM library template : VM_global_library.vm
2017-10-29 22:48:52,342 - ResourceManager : unable to find resource 'VM_global_library.vm' in any resource loader.
2017-10-29 22:48:52,343 - Velocimacro : error using  VM library template VM_global_library.vm : org.apache.velocity.exception.ResourceNotFoundException: Unable to find resource 'VM_global_library.vm'
2017-10-29 22:48:52,343 - Velocimacro :  VM library template macro registration complete.
2017-10-29 22:48:52,343 - Velocimacro : allowInline = true : VMs can be defined inline in templates
2017-10-29 22:48:52,343 - Velocimacro : allowInlineToOverride = false : VMs defined inline may NOT replace previous VM definitions
2017-10-29 22:48:52,343 - Velocimacro : allowInlineLocal = false : VMs defined inline will be  global in scope if allowed.
2017-10-29 22:48:52,343 - Velocimacro : messages on  : VM system will output logging messages
2017-10-29 22:48:52,343 - Velocimacro : autoload off  : VM system will not automatically reload global library macros
2017-10-29 22:48:52,343 - Velocimacro : initialization complete.
2017-10-29 22:48:52,343 - Velocity successfully started.
2017-10-29 22:58:24,536 - SimpleLog4JLogSystem initialized using logfile 'velocity.log'
2017-10-29 22:58:24,536 - ************************************************************** 
2017-10-29 22:58:24,536 - Starting Jakarta Velocity v1.4
2017-10-29 22:58:24,536 - RuntimeInstance initializing.
2017-10-29 22:58:24,536 - Default Properties File: org\apache\velocity\runtime\defaults\velocity.properties
2017-10-29 22:58:24,536 - Trying to use logger class org.apache.velocity.runtime.log.SimpleLog4JLogSystem
2017-10-29 22:58:24,536 - Using logger class org.apache.velocity.runtime.log.SimpleLog4JLogSystem
2017-10-29 22:58:24,539 - Default ResourceManager initializing. (class org.apache.velocity.runtime.resource.ResourceManagerImpl)
2017-10-29 22:58:24,541 - Resource Loader Instantiated: org.apache.velocity.runtime.resource.loader.ClasspathResourceLoader
2017-10-29 22:58:24,541 - ClasspathResourceLoader : initialization starting.
2017-10-29 22:58:24,541 - ClasspathResourceLoader : initialization complete.
2017-10-29 22:58:24,543 - ResourceCache : initialized. (class org.apache.velocity.runtime.resource.ResourceCacheImpl)
2017-10-29 22:58:24,543 - Default ResourceManager initialization complete.
2017-10-29 22:58:24,546 - Loaded System Directive: org.apache.velocity.runtime.directive.Literal
2017-10-29 22:58:24,547 - Loaded System Directive: org.apache.velocity.runtime.directive.Macro
2017-10-29 22:58:24,549 - Loaded System Directive: org.apache.velocity.runtime.directive.Parse
2017-10-29 22:58:24,551 - Loaded System Directive: org.apache.velocity.runtime.directive.Include
2017-10-29 22:58:24,552 - Loaded System Directive: org.apache.velocity.runtime.directive.Foreach
2017-10-29 22:58:24,575 - Created: 20 parsers.
2017-10-29 22:58:24,581 - Velocimacro : initialization starting.
2017-10-29 22:58:24,581 - Velocimacro : adding VMs from VM library template : VM_global_library.vm
2017-10-29 22:58:24,592 - ResourceManager : unable to find resource 'VM_global_library.vm' in any resource loader.
2017-10-29 22:58:24,593 - Velocimacro : error using  VM library template VM_global_library.vm : org.apache.velocity.exception.ResourceNotFoundException: Unable to find resource 'VM_global_library.vm'
2017-10-29 22:58:24,593 - Velocimacro :  VM library template macro registration complete.
2017-10-29 22:58:24,593 - Velocimacro : allowInline = true : VMs can be defined inline in templates
2017-10-29 22:58:24,593 - Velocimacro : allowInlineToOverride = false : VMs defined inline may NOT replace previous VM definitions
2017-10-29 22:58:24,593 - Velocimacro : allowInlineLocal = false : VMs defined inline will be  global in scope if allowed.
2017-10-29 22:58:24,593 - Velocimacro : messages on  : VM system will output logging messages
2017-10-29 22:58:24,593 - Velocimacro : autoload off  : VM system will not automatically reload global library macros
2017-10-29 22:58:24,593 - Velocimacro : initialization complete.
2017-10-29 22:58:24,593 - Velocity successfully started.
